<?xml version="1.0" encoding="UTF-8"?>
<!-- Generated by org.testng.reporters.JUnitReportReporter -->
<testsuite skipped="0" hostname="PinkPrincess-PC" name="testcases.testbase" tests="1" failures="0" timestamp="29 Nov 2017 03:57:02 GMT" time="0.013" errors="0">
  <testcase name="ablmethod" time="0.013" classname="testcases.testbase"/>
</testsuite> <!-- testcases.testbase -->
