<?xml version="1.0" encoding="UTF-8"?>
<!-- Generated by org.testng.reporters.JUnitReportReporter -->
<testsuite skipped="0" hostname="PinkPrincess-PC" name="testcases.ProductSuccessfullyAddedToCart" tests="1" failures="0" timestamp="24 Nov 2017 04:38:49 GMT" time="0.030" errors="0">
  <testcase name="AddedToCart" time="0.030" classname="testcases.ProductSuccessfullyAddedToCart"/>
</testsuite> <!-- testcases.ProductSuccessfullyAddedToCart -->
