<?xml version="1.0" encoding="UTF-8"?>
<!-- Generated by org.testng.reporters.JUnitReportReporter -->
<testsuite skipped="0" hostname="PinkPrincess-PC" name="testcases.AddToCart" tests="1" failures="0" timestamp="08 Jan 2018 19:51:52 GMT" time="32.995" errors="0">
  <testcase name="meth1" time="32.995" classname="testcases.AddToCart"/>
</testsuite> <!-- testcases.AddToCart -->
